<?xml version="1.0" encoding="UTF-8"?>
<!-- Generated by org.testng.reporters.JUnitReportReporter -->
<testsuite skipped="0" hostname="AQMIT-LPT-10782" name="com.ybl.tests.UserAPITest" tests="3" failures="0" timestamp="2022-06-10T11:51:03 IST" time="5.345" errors="0">
  <testcase name="toCreateUser" time="1.672" classname="com.ybl.tests.UserAPITest"/>
  <system-out/>
  <testcase name="toUpdatePlaylist" time="0.909" classname="com.ybl.tests.UserAPITest"/>
  <system-out/>
  <testcase name="toCreateGetUser" time="2.764" classname="com.ybl.tests.UserAPITest"/>
  <system-out/>
</testsuite> <!-- com.ybl.tests.UserAPITest -->
